<?xml version="1.0" encoding="UTF-8"?>
<robot generator="Robot 3.1.2 (Python 3.7.4 on win32)" generated="20200726 14:32:15.532" rpa="false">
<suite id="s1" name="前程贷接口自动化测试" source="C:\Users\Administrator\.jenkins\workspace\naihe123\前程贷接口自动化测试.robot">
<kw name="Run Keywords" library="BuiltIn" type="setup">
<doc>Executes all the given keywords in a sequence.</doc>
<arguments>
<arg>用户登录环境准备</arg>
<arg>${ip}</arg>
<arg>${port}</arg>
<arg>18206234550</arg>
<arg>houlei5837</arg>
<arg>AND</arg>
<arg>标id环境准备</arg>
<arg>${ip}</arg>
<arg>${port}</arg>
<arg>${return_1[1]["data"]["id"]}</arg>
<arg>皮卡</arg>
<arg>1000</arg>
<arg>18.0</arg>
<arg>6</arg>
<arg>1</arg>
<arg>1</arg>
<arg>${return_1[1]["data"]["token_info"]["token"]}</arg>
</arguments>
<kw name="用户登录环境准备">
<arguments>
<arg>${ip}</arg>
<arg>${port}</arg>
<arg>18206234550</arg>
<arg>houlei5837</arg>
</arguments>
<msg timestamp="20200726 14:32:15.665" level="FAIL">No keyword with name '用户登录环境准备' found.</msg>
<status status="FAIL" starttime="20200726 14:32:15.665" endtime="20200726 14:32:15.666"></status>
</kw>
<status status="FAIL" starttime="20200726 14:32:15.662" endtime="20200726 14:32:15.666"></status>
</kw>
<test id="s1-t1" name="正常注册-手机号11位，密码16位，0管理员、昵称10位">
<tags>
<tag>maoyan</tag>
</tags>
<status status="FAIL" starttime="20200726 14:32:15.666" endtime="20200726 14:32:15.669" critical="yes">Parent suite setup failed:
No keyword with name '用户登录环境准备' found.</status>
</test>
<test id="s1-t2" name="正常登录-手机号11位，密码16位">
<status status="FAIL" starttime="20200726 14:32:15.670" endtime="20200726 14:32:15.672" critical="yes">Parent suite setup failed:
No keyword with name '用户登录环境准备' found.</status>
</test>
<test id="s1-t3" name="正常充值">
<status status="FAIL" starttime="20200726 14:32:15.673" endtime="20200726 14:32:15.674" critical="yes">Parent suite setup failed:
No keyword with name '用户登录环境准备' found.</status>
</test>
<test id="s1-t4" name="正常提现">
<status status="FAIL" starttime="20200726 14:32:15.674" endtime="20200726 14:32:15.675" critical="yes">Parent suite setup failed:
No keyword with name '用户登录环境准备' found.</status>
</test>
<test id="s1-t5" name="正常改昵称">
<status status="FAIL" starttime="20200726 14:32:15.675" endtime="20200726 14:32:15.676" critical="yes">Parent suite setup failed:
No keyword with name '用户登录环境准备' found.</status>
</test>
<test id="s1-t6" name="正常查询用户信息">
<status status="FAIL" starttime="20200726 14:32:15.676" endtime="20200726 14:32:15.677" critical="yes">Parent suite setup failed:
No keyword with name '用户登录环境准备' found.</status>
</test>
<test id="s1-t7" name="正常增加项目">
<status status="FAIL" starttime="20200726 14:32:15.677" endtime="20200726 14:32:15.679" critical="yes">Parent suite setup failed:
No keyword with name '用户登录环境准备' found.</status>
</test>
<test id="s1-t8" name="正常审核项目">
<status status="FAIL" starttime="20200726 14:32:15.679" endtime="20200726 14:32:15.680" critical="yes">Parent suite setup failed:
No keyword with name '用户登录环境准备' found.</status>
</test>
<test id="s1-t9" name="正常投资">
<status status="FAIL" starttime="20200726 14:32:15.680" endtime="20200726 14:32:15.681" critical="yes">Parent suite setup failed:
No keyword with name '用户登录环境准备' found.</status>
</test>
<test id="s1-t10" name="正常获取项目列表">
<status status="FAIL" starttime="20200726 14:32:15.681" endtime="20200726 14:32:15.683" critical="yes">Parent suite setup failed:
No keyword with name '用户登录环境准备' found.</status>
</test>
<test id="s1-t11" name="正常审核项目1">
<status status="FAIL" starttime="20200726 14:32:15.683" endtime="20200726 14:32:15.684" critical="yes">Parent suite setup failed:
No keyword with name '用户登录环境准备' found.</status>
</test>
<test id="s1-t12" name="正常投资1">
<status status="FAIL" starttime="20200726 14:32:15.684" endtime="20200726 14:32:15.685" critical="yes">Parent suite setup failed:
No keyword with name '用户登录环境准备' found.</status>
</test>
<test id="s1-t13" name="正常注册">
<status status="FAIL" starttime="20200726 14:32:15.686" endtime="20200726 14:32:15.687" critical="yes">Parent suite setup failed:
No keyword with name '用户登录环境准备' found.</status>
</test>
<status status="FAIL" starttime="20200726 14:32:15.534" endtime="20200726 14:32:15.688">Suite setup failed:
No keyword with name '用户登录环境准备' found.</status>
</suite>
<statistics>
<total>
<stat pass="0" fail="13">Critical Tests</stat>
<stat pass="0" fail="13">All Tests</stat>
</total>
<tag>
<stat pass="0" fail="1">maoyan</stat>
</tag>
<suite>
<stat pass="0" fail="13" id="s1" name="前程贷接口自动化测试">前程贷接口自动化测试</stat>
</suite>
</statistics>
<errors>
<msg timestamp="20200726 14:32:15.646" level="ERROR">Error in file 'C:\Users\Administrator\.jenkins\workspace\naihe123\前程贷接口自动化测试.robot': Resource file '..\key_words\key.robot' does not exist.</msg>
<msg timestamp="20200726 14:32:15.659" level="ERROR">Error in file 'C:\Users\Administrator\.jenkins\workspace\naihe123\前程贷接口自动化测试.robot': Resource file '..\variable.txt' does not exist.</msg>
</errors>
</robot>
